<?xml version="1.0" encoding="utf-8"?><testsuites name="pytest tests"><testsuite name="pytest" errors="0" failures="0" skipped="1" tests="50" time="25.783" timestamp="2026-08-29T22:19:15.970817+00:00" hostname="agent-env-de950128-8709-4005-905b-e6c82e632429"><testcase classname="tests.backend_test.TestCatalog" name="test_bots_count_and_no_instructions" time="0.474" /><testcase classname="tests.backend_test.TestAuth" name="test_register_new_user" time="0.448" /><testcase classname="tests.backend_test.TestAuth" name="test_register_short_password" time="0.053" /><testcase classname="tests.backend_test.TestCatalog" name="test_bot_detail_public" time="0.084" /><testcase classname="tests.backend_test.TestCatalog" name="test_bot_detail_404" time="0.071" /><testcase classname="tests.backend_test.TestCatalog" name="test_filters" time="1.004" /><testcase classname="tests.backend_test.TestAuth" name="test_login_and_me" time="0.483" /><testcase classname="tests.backend_test.TestAuth" name="test_admin_login_role" time="0.336" /><testcase classname="tests.backend_test.TestAuth" name="test_login_bad_password" time="0.311" /><testcase classname="tests.backend_test.TestAuth" name="test_me_without_token" time="0.055" /><testcase classname="tests.backend_test.TestCatalog" name="test_suites" time="0.085" /><testcase classname="tests.backend_test.TestAuth" name="test_me_invalid_token" time="0.053" /><testcase classname="tests.backend_test.TestCatalog" name="test_suite_detail" time="0.089" /><testcase classname="tests.backend_test.TestAuth" name="test_bcrypt_hash_format" time="0.937" /><testcase classname="tests.backend_test.TestCatalog" name="test_suite_404" time="0.064" /><testcase classname="tests.backend_test.TestCatalog" name="test_models_list" time="0.089" /><testcase classname="tests.backend_test.TestChatIsolation" name="test_book_writer_persona" time="3.557" /><testcase classname="tests.backend_test.TestAuth" name="test_forgot_password_no_leak" time="0.059" /><testcase classname="tests.backend_test.TestAuth" name="test_profile_memory_toggle" time="0.116" /><testcase classname="tests.backend_test.TestAdmin" name="test_overview" time="0.131" /><testcase classname="tests.backend_test.TestAdmin" name="test_admin_bots_list" time="0.094" /><testcase classname="tests.backend_test.TestAdmin" name="test_admin_bot_detail_has_instructions" time="0.110" /><testcase classname="tests.backend_test.TestAdmin" name="test_admin_patch_bot" time="0.208" /><testcase classname="tests.backend_test.TestAdmin" name="test_non_admin_forbidden" time="0.108" /><testcase classname="tests.backend_test.TestAdmin" name="test_anon_admin_401" time="0.103" /><testcase classname="tests.backend_test.TestSearch" name="test_search_queries[book]" time="0.067" /><testcase classname="tests.backend_test.TestSearch" name="test_search_queries[time]" time="0.093" /><testcase classname="tests.backend_test.TestSearch" name="test_search_queries[python]" time="0.070" /><testcase classname="tests.backend_test.TestSearch" name="test_search_book_returns_book_bot" time="0.089" /><testcase classname="tests.backend_test.TestSearch" name="test_search_time_machine" time="0.064" /><testcase classname="tests.backend_test.TestPythonTool" name="test_print_sum" time="0.069" /><testcase classname="tests.backend_test.TestPythonTool" name="test_error_capture" time="0.078" /><testcase classname="tests.backend_test.TestPythonTool" name="test_requires_auth" time="0.075" /><testcase classname="tests.backend_test.TestFavorites" name="test_favorite_lifecycle" time="0.419" /><testcase classname="tests.backend_test.TestFavorites" name="test_favorites_requires_auth" time="0.081" /><testcase classname="tests.backend_test.TestMemory" name="test_memory_crud" time="0.488" /><testcase classname="tests.backend_test.TestMemory" name="test_memory_requires_auth" time="0.064" /><testcase classname="tests.backend_test.TestDashboard" name="test_dashboard" time="0.061" /><testcase classname="tests.backend_test.TestDashboard" name="test_dashboard_requires_auth" time="0.082" /><testcase classname="tests.test_files_and_images.TestDocumentGeneration" name="test_docx_generation_and_download" time="5.746" /><testcase classname="tests.backend_test.TestChatIsolation" name="test_time_machine_persona" time="3.920" /><testcase classname="tests.backend_test.TestChatIsolation" name="test_no_instruction_leak" time="8.538" /><testcase classname="tests.test_files_and_images.TestDocumentGeneration" name="test_download_unknown_file_404" time="0.054" /><testcase classname="tests.test_files_and_images.TestImageGating" name="test_image_capable_bot_accepts_image" time="1.618" /><testcase classname="tests.test_files_and_images.TestImageGating" name="test_non_image_bot_drops_images" time="0.103"><skipped type="pytest.skip" message="all bots are image-capable; gating not testable">/app/backend/tests/test_files_and_images.py:102: all bots are image-capable; gating not testable</skipped></testcase><testcase classname="tests.backend_test.TestChatIsolation" name="test_conversation_persisted_and_managed" time="6.301" /><testcase classname="tests.backend_test.TestChatIsolation" name="test_rename_other_user_conversation_404" time="0.052" /><testcase classname="tests.backend_test.TestChatIsolation" name="test_bot_not_found" time="0.046" /><testcase classname="tests.backend_test.TestChatIsolation" name="test_chat_requires_auth" time="0.065" /><testcase classname="tests.backend_test.TestChatIsolation" name="test_model_switch_gpt" time="0.834" /></testsuite></testsuites>