<?xml version="1.0" encoding="utf-8"?><testsuites name="pytest tests"><testsuite name="pytest" errors="0" failures="0" skipped="0" tests="24" time="88.917" timestamp="2026-08-29T22:17:40.531566+00:00" hostname="agent-env-de950128-8709-4005-905b-e6c82e632429"><testcase classname="tests.test_iteration2.TestImportManager" name="test_import_detects_new_bots" time="0.515" /><testcase classname="tests.test_iteration2.TestCleanerNames" name="test_names_clean" time="0.420" /><testcase classname="tests.test_iteration2.TestCleanerNames" name="test_names_unique_and_readable" time="0.000" /><testcase classname="tests.test_iteration2.TestCleanerNames" name="test_book_writer_variants_distinct" time="0.000" /><testcase classname="tests.test_iteration2.TestCleanerNames" name="test_migration_flag_enrich_v2" time="0.066" /><testcase classname="tests.test_iteration2.TestImportManager" name="test_import_rejects_non_zip" time="0.105" /><testcase classname="tests.test_iteration2.TestAllBotsStructural" name="test_public_list_has_no_leaks_and_required_fields" time="0.152" /><testcase classname="tests.test_iteration2.TestAllBotsStructural" name="test_public_detail_no_leak_all_bots" time="8.296" /><testcase classname="tests.test_iteration2.TestImportManager" name="test_import_requires_admin" time="0.454" /><testcase classname="tests.test_iteration2.TestImportManager" name="test_publish_adds_library_bots_without_touching_active" time="0.742" /><testcase classname="tests.test_iteration2.TestImportManager" name="test_reimport_same_docs_detected_duplicate" time="0.320" /><testcase classname="tests.test_iteration2.TestImportManager" name="test_import_history" time="0.305" /><testcase classname="tests.test_iteration2.TestMultiUserSafety" name="test_cannot_read_other_users_conversation" time="10.285" /><testcase classname="tests.test_iteration2.TestAllBotsStructural" name="test_admin_instructions_non_empty_and_unique" time="8.196" /><testcase classname="tests.test_iteration2.TestMultiUserSafety" name="test_isolated_memory_and_favorites" time="0.803" /><testcase classname="tests.test_iteration2.TestMultiUserSafety" name="test_file_download_ownership" time="3.624" /><testcase classname="tests.test_iteration2.TestBotIsolationSample" name="test_sample_across_suites_in_character" time="58.655" /><testcase classname="tests.test_iteration2.TestFileAttachments" name="test_csv_text_attachment_analyzed" time="1.764" /><testcase classname="tests.test_iteration2.TestFileAttachments" name="test_pdf_binary_attachment_forces_gemini" time="27.895" /><testcase classname="tests.test_iteration2.TestFileAttachments" name="test_attachment_metadata_persisted" time="3.351" /><testcase classname="tests.test_iteration2.TestPromptLibrary" name="test_prompts_are_bot_specific" time="0.000" /><testcase classname="tests.test_iteration2.TestPromptLibrary" name="test_clicking_prompt_streams_reply" time="19.230" /><testcase classname="tests.test_iteration2.TestBotIsolationSample" name="test_cross_bot_no_inheritance" time="4.224" /><testcase classname="tests.test_iteration2.TestBotIsolationSample" name="test_prompt_injection_refused" time="8.370" /></testsuite></testsuites>