<?xml version="1.0" encoding="utf-8"?><testsuites name="pytest tests"><testsuite name="pytest" errors="0" failures="0" skipped="0" tests="8" time="24.953" timestamp="2026-08-29T22:15:27.083105+00:00" hostname="agent-env-de950128-8709-4005-905b-e6c82e632429"><testcase classname="tests.test_iteration2.TestCleanerNames" name="test_names_clean" time="0.201" /><testcase classname="tests.test_iteration2.TestCleanerNames" name="test_names_unique_and_readable" time="0.000" /><testcase classname="tests.test_iteration2.TestCleanerNames" name="test_book_writer_variants_distinct" time="0.000" /><testcase classname="tests.test_iteration2.TestCleanerNames" name="test_migration_flag_enrich_v2" time="0.067" /><testcase classname="tests.test_iteration2.TestAllBotsStructural" name="test_public_list_has_no_leaks_and_required_fields" time="0.273" /><testcase classname="tests.test_iteration2.TestPromptLibrary" name="test_prompts_are_bot_specific" time="0.000" /><testcase classname="tests.test_iteration2.TestAllBotsStructural" name="test_public_detail_no_leak_all_bots" time="15.970" /><testcase classname="tests.test_iteration2.TestAllBotsStructural" name="test_admin_instructions_non_empty_and_unique" time="8.226" /></testsuite></testsuites>