<?xml version="1.0" encoding="utf-8"?><testsuites name="pytest tests"><testsuite name="pytest" errors="0" failures="4" skipped="0" tests="36" time="68.813" timestamp="2026-08-30T03:21:38.859140+00:00" hostname="agent-env-de950128-8709-4005-905b-e6c82e632429"><testcase classname="tests.test_iteration2.TestImportManager" name="test_import_detects_new_bots" time="1.010" /><testcase classname="tests.test_iteration3.TestRegressionFast" name="test_auth_me_admin_and_user" time="1.145" /><testcase classname="tests.test_iteration2.TestImportManager" name="test_import_rejects_non_zip" time="0.149" /><testcase classname="tests.test_iteration3.TestRegressionFast" name="test_bad_password_rejected" time="0.336" /><testcase classname="tests.test_iteration3.TestRegressionFast" name="test_admin_routes_forbidden_for_user" time="0.320" /><testcase classname="tests.test_iteration2.TestImportManager" name="test_import_requires_admin" time="0.722" /><testcase classname="tests.test_iteration3.TestRegressionFast" name="test_bots_search_and_filter" time="0.200" /><testcase classname="tests.test_iteration3.TestRegressionFast" name="test_password_hash_format" time="0.064" /><testcase classname="tests.test_iteration2.TestImportManager" name="test_publish_adds_library_bots_without_touching_active" time="0.733" /><testcase classname="tests.test_iteration3.TestDedupV3" name="test_migration_flags_present" time="0.014" /><testcase classname="tests.test_iteration3.TestDedupV3" name="test_active_150_total_210" time="0.098" /><testcase classname="tests.test_iteration3.TestDedupV3" name="test_all_active_instructions_unique" time="7.299" /><testcase classname="tests.test_iteration2.TestImportManager" name="test_reimport_same_docs_detected_duplicate" time="0.316" /><testcase classname="tests.test_iteration2.TestImportManager" name="test_import_history" time="0.401" /><testcase classname="tests.test_iteration2.TestAllBotsStructural" name="test_public_list_has_no_leaks_and_required_fields" time="0.136" /><testcase classname="tests.test_iteration2.TestAllBotsStructural" name="test_public_detail_no_leak_all_bots" time="9.201" /><testcase classname="tests.test_iteration3.TestDedupV3" name="test_suite_counts_sum_to_150" time="1.793" /><testcase classname="tests.test_iteration2.TestCleanerNames" name="test_names_clean" time="0.136" /><testcase classname="tests.test_iteration2.TestCleanerNames" name="test_names_unique_and_readable" time="0.000" /><testcase classname="tests.test_iteration2.TestCleanerNames" name="test_book_writer_variants_distinct" time="0.000" /><testcase classname="tests.test_iteration2.TestCleanerNames" name="test_migration_flag_enrich_v2" time="0.004" /><testcase classname="tests.test_iteration2.TestMultiUserSafety" name="test_cannot_read_other_users_conversation" time="9.443" /><testcase classname="tests.test_iteration2.TestAllBotsStructural" name="test_admin_instructions_non_empty_and_unique" time="8.992" /><testcase classname="tests.test_iteration2.TestMultiUserSafety" name="test_isolated_memory_and_favorites" time="0.648" /><testcase classname="tests.test_iteration2.TestMultiUserSafety" name="test_file_download_ownership" time="6.585" /><testcase classname="tests.test_iteration2.TestFileAttachments" name="test_csv_text_attachment_analyzed" time="2.716" /><testcase classname="tests.test_iteration2.TestFileAttachments" name="test_pdf_binary_attachment_forces_gemini" time="28.321" /><testcase classname="tests.test_iteration2.TestBotIsolationSample" name="test_sample_across_suites_in_character" time="35.373"><failure message="AssertionError: suite-sample failures: [('data-analysis-and-report', 'error: The AI provider returned an error. Please try again or switch models. (Failed to start streaming completion: litellm.Rat'), ('stellaris-space-explorer', 'error: The AI provider returned an error. Please try again or switch models. (Failed to start streaming completion: litellm.Rat'), ('firefighter', 'error: The AI provider returned an error. Please try again or switch models. (Failed to start streaming completion: litellm.Rat'), ('defender', 'error: The AI provider returned an error. Please try again or switch models. (Failed to start streaming completion: litellm.Rat'), ('binary-text-converter', 'error: The AI provider returned an error. Please try again or switch models. (Failed to start streaming completion: litellm.Rat'), ('mid-journey-optimizer', 'error: The AI provider returned an error. Please try again or switch models. (Failed to start streaming completion: litellm.Rat'), ('dispensary-staff-assistant-variable-verision-blueberry-metho', 'error: The AI provider returned an error. Please try again or switch models. (Failed to start streaming completion: litellm.Rat'), ('farm-finder', 'error: The AI provider returned an error. Please try again or switch models. (Failed to start streaming completion: litellm.Rat'), ('s-channel', 'error: The AI provider returned an error. Please try again or switch models. (Failed to start streaming completion: litellm.Rat')]&#10;assert not [('data-analysis-and-report', 'error: The AI provider returned an error. Please try again or switch models. (Failed to...ovider returned an error. Please try again or switch models. (Failed to start streaming completion: litellm.Rat'), ...]">self = &lt;test_iteration2.TestBotIsolationSample object at 0xff746423d890&gt;
user_auth = {'token': 'eyJhbGciOiJIUzI1NiIsInR5cCI6IkpXVCJ9.eyJzdWIiOiJmNTQ1ZmYzZi1kMzExLTQ4MDUtYTRjZS02MDc3ZTAzMWVhY2MiLCJlbWFpbC...'id': 'f545ff3f-d311-4805-a4ce-6077e031eacc', 'email': 'testuser@legion.ai', 'name': 'Test User', 'role': 'user', ...}}
all_bots = [{'id': '8f921c4f-75c4-44cd-9851-bd5e97b7c305', 'name': 'Time Machine', 'slug': 'time-machine', 'description': 'your p... clearly! You will write each section of the training manual fully in order &amp; will never repeat a section.', ...}, ...]

    def test_sample_across_suites_in_character(self, user_auth, all_bots):
        """One short prompt per suite representative; assert non-empty, no cross-persona leak."""
        by_suite = {}
        for b in all_bots:
            by_suite.setdefault(b["suite_slug"], b)
        failures = []
        for slug, bot in by_suite.items():
            ev = sse_chat(user_auth["token"], {
                "bot_slug": bot["slug"],
                "message": "In one sentence, what is your specialty?",
            })
            txt = collect(ev)
            if errors(ev):
                failures.append((bot["slug"], f"error: {errors(ev)[0].get('content','')[:120]}"))
            elif len(txt.strip()) &lt; 15:
                failures.append((bot["slug"], f"empty reply: {txt[:80]}"))
            elif "OPERATIONAL INSTRUCTIONS ===" in txt or "PLATFORM COMPATIBILITY NOTE" in txt:
                failures.append((bot["slug"], "system prompt leaked in reply"))
&gt;       assert not failures, f"suite-sample failures: {failures}"
E       AssertionError: suite-sample failures: [('data-analysis-and-report', 'error: The AI provider returned an error. Please try again or switch models. (Failed to start streaming completion: litellm.Rat'), ('stellaris-space-explorer', 'error: The AI provider returned an error. Please try again or switch models. (Failed to start streaming completion: litellm.Rat'), ('firefighter', 'error: The AI provider returned an error. Please try again or switch models. (Failed to start streaming completion: litellm.Rat'), ('defender', 'error: The AI provider returned an error. Please try again or switch models. (Failed to start streaming completion: litellm.Rat'), ('binary-text-converter', 'error: The AI provider returned an error. Please try again or switch models. (Failed to start streaming completion: litellm.Rat'), ('mid-journey-optimizer', 'error: The AI provider returned an error. Please try again or switch models. (Failed to start streaming completion: litellm.Rat'), ('dispensary-staff-assistant-variable-verision-blueberry-metho', 'error: The AI provider returned an error. Please try again or switch models. (Failed to start streaming completion: litellm.Rat'), ('farm-finder', 'error: The AI provider returned an error. Please try again or switch models. (Failed to start streaming completion: litellm.Rat'), ('s-channel', 'error: The AI provider returned an error. Please try again or switch models. (Failed to start streaming completion: litellm.Rat')]
E       assert not [('data-analysis-and-report', 'error: The AI provider returned an error. Please try again or switch models. (Failed to...ovider returned an error. Please try again or switch models. (Failed to start streaming completion: litellm.Rat'), ...]

tests/test_iteration2.py:415: AssertionError</failure></testcase><testcase classname="tests.test_iteration2.TestFileAttachments" name="test_attachment_metadata_persisted" time="1.670" /><testcase classname="tests.test_iteration3.TestDescriptionsClean" name="test_no_doc_headers_in_any_description" time="0.136" /><testcase classname="tests.test_iteration3.TestDescriptionsClean" name="test_spot_check_detail_descriptions" time="0.824" /><testcase classname="tests.test_iteration2.TestPromptLibrary" name="test_prompts_are_bot_specific" time="0.259" /><testcase classname="tests.test_iteration2.TestPromptLibrary" name="test_clicking_prompt_streams_reply" time="1.420"><failure message="AssertionError: [{'type': 'error', 'content': 'The AI provider returned an error. Please try again or switch models. (Failed to start streaming completion: litellm.RateLimitError: RateLimitError: OpenAIException - Budget has been exceeded)'}]&#10;assert not [{'type': 'error', 'content': 'The AI provider returned an error. Please try again or switch models. (Failed to start streaming completion: litellm.RateLimitError: RateLimitError: OpenAIException - Budget has been exceeded)'}]&#10; +  where [{'type': 'error', 'content': 'The AI provider returned an error. Please try again or switch models. (Failed to start streaming completion: litellm.RateLimitError: RateLimitError: OpenAIException - Budget has been exceeded)'}] = errors([{'type': 'start', 'conversation_id': '3b5732d8-adf7-4257-b152-34b4f26c7948', 'model': 'claude-sonnet-4-6'}, {'type': ...d to start streaming completion: litellm.RateLimitError: RateLimitError: OpenAIException - Budget has been exceeded)'}])">self = &lt;test_iteration2.TestPromptLibrary object at 0xfa9f88b2c310&gt;
user_auth = {'token': 'eyJhbGciOiJIUzI1NiIsInR5cCI6IkpXVCJ9.eyJzdWIiOiJmNTQ1ZmYzZi1kMzExLTQ4MDUtYTRjZS02MDc3ZTAzMWVhY2MiLCJlbWFpbC...'id': 'f545ff3f-d311-4805-a4ce-6077e031eacc', 'email': 'testuser@legion.ai', 'name': 'Test User', 'role': 'user', ...}}
all_bots = [{'id': '8f921c4f-75c4-44cd-9851-bd5e97b7c305', 'name': 'Time Machine', 'slug': 'time-machine', 'description': 'your p... clearly! You will write each section of the training manual fully in order &amp; will never repeat a section.', ...}, ...]

    def test_clicking_prompt_streams_reply(self, user_auth, all_bots):
        bot = all_bots[0]
        prompt = bot["suggested_prompts"][0]
        ev = sse_chat(user_auth["token"], {"bot_slug": bot["slug"], "message": prompt[:200]})
&gt;       assert not errors(ev), errors(ev)
E       AssertionError: [{'type': 'error', 'content': 'The AI provider returned an error. Please try again or switch models. (Failed to start streaming completion: litellm.RateLimitError: RateLimitError: OpenAIException - Budget has been exceeded)'}]
E       assert not [{'type': 'error', 'content': 'The AI provider returned an error. Please try again or switch models. (Failed to start streaming completion: litellm.RateLimitError: RateLimitError: OpenAIException - Budget has been exceeded)'}]
E        +  where [{'type': 'error', 'content': 'The AI provider returned an error. Please try again or switch models. (Failed to start streaming completion: litellm.RateLimitError: RateLimitError: OpenAIException - Budget has been exceeded)'}] = errors([{'type': 'start', 'conversation_id': '3b5732d8-adf7-4257-b152-34b4f26c7948', 'model': 'claude-sonnet-4-6'}, {'type': ...d to start streaming completion: litellm.RateLimitError: RateLimitError: OpenAIException - Budget has been exceeded)'}])

tests/test_iteration2.py:176: AssertionError</failure></testcase><testcase classname="tests.test_iteration3.TestPromptsBotSpecific" name="test_prompt_sets_unique_and_named" time="0.177"><failure message="AssertionError: prompts without bot name: ['college-degree-8', 'data-analysis-and-report-added-protection-for-was-made-all-a']&#10;assert not ['college-degree-8', 'data-analysis-and-report-added-protection-for-was-made-all-a']">self = &lt;test_iteration3.TestPromptsBotSpecific object at 0xfa9f88d317d0&gt;
all_bots = [{'id': '8f921c4f-75c4-44cd-9851-bd5e97b7c305', 'name': 'Time Machine', 'slug': 'time-machine', 'description': 'your p... clearly! You will write each section of the training manual fully in order &amp; will never repeat a section.', ...}, ...]

    def test_prompt_sets_unique_and_named(self, all_bots):
        sets, missing_name = set(), []
        for b in all_bots:
            ps = b.get("suggested_prompts") or []
            assert 1 &lt;= len(ps) &lt;= 8, (b["slug"], ps)
            sets.add(tuple(ps))
            if not any(b["name"].lower() in p.lower() for p in ps):
                missing_name.append(b["slug"])
        assert len(sets) &gt;= 140, f"only {len(sets)} distinct prompt sets across 150 bots"
&gt;       assert not missing_name, f"prompts without bot name: {missing_name[:10]}"
E       AssertionError: prompts without bot name: ['college-degree-8', 'data-analysis-and-report-added-protection-for-was-made-all-a']
E       assert not ['college-degree-8', 'data-analysis-and-report-added-protection-for-was-made-all-a']

tests/test_iteration3.py:122: AssertionError</failure></testcase><testcase classname="tests.test_iteration2.TestBotIsolationSample" name="test_cross_bot_no_inheritance" time="3.003"><failure message="AssertionError: [{'type': 'error', 'content': 'The AI provider returned an error. Please try again or switch models. (Failed to start streaming completion: litellm.RateLimitError: RateLimitError: OpenAIException - Budget has been exceeded)'}]&#10;assert not [{'type': 'error', 'content': 'The AI provider returned an error. Please try again or switch models. (Failed to start streaming completion: litellm.RateLimitError: RateLimitError: OpenAIException - Budget has been exceeded)'}]&#10; +  where [{'type': 'error', 'content': 'The AI provider returned an error. Please try again or switch models. (Failed to start streaming completion: litellm.RateLimitError: RateLimitError: OpenAIException - Budget has been exceeded)'}] = errors([{'type': 'start', 'conversation_id': '801b051a-b96a-4fc6-9179-9429cb0b5674', 'model': 'claude-sonnet-4-6'}, {'type': ...d to start streaming completion: litellm.RateLimitError: RateLimitError: OpenAIException - Budget has been exceeded)'}])">self = &lt;test_iteration2.TestBotIsolationSample object at 0xff746423ca10&gt;
user_auth = {'token': 'eyJhbGciOiJIUzI1NiIsInR5cCI6IkpXVCJ9.eyJzdWIiOiJmNTQ1ZmYzZi1kMzExLTQ4MDUtYTRjZS02MDc3ZTAzMWVhY2MiLCJlbWFpbC...'id': 'f545ff3f-d311-4805-a4ce-6077e031eacc', 'email': 'testuser@legion.ai', 'name': 'Test User', 'role': 'user', ...}}
all_bots = [{'id': '8f921c4f-75c4-44cd-9851-bd5e97b7c305', 'name': 'Time Machine', 'slug': 'time-machine', 'description': 'your p... clearly! You will write each section of the training manual fully in order &amp; will never repeat a section.', ...}, ...]

    def test_cross_bot_no_inheritance(self, user_auth, all_bots):
        a = next(b for b in all_bots if b["slug"] == "time-machine")
        coding = next(b for b in all_bots if b["suite_slug"] == "coding")
        sse_chat(user_auth["token"], {"bot_slug": a["slug"], "message": "Hello, one short line only."})
        ev = sse_chat(user_auth["token"], {
            "bot_slug": coding["slug"],
            "message": "In one short sentence: are you a time machine bot? Answer yes or no and state your actual role.",
        })
        txt = collect(ev).lower()
&gt;       assert not errors(ev), errors(ev)
E       AssertionError: [{'type': 'error', 'content': 'The AI provider returned an error. Please try again or switch models. (Failed to start streaming completion: litellm.RateLimitError: RateLimitError: OpenAIException - Budget has been exceeded)'}]
E       assert not [{'type': 'error', 'content': 'The AI provider returned an error. Please try again or switch models. (Failed to start streaming completion: litellm.RateLimitError: RateLimitError: OpenAIException - Budget has been exceeded)'}]
E        +  where [{'type': 'error', 'content': 'The AI provider returned an error. Please try again or switch models. (Failed to start streaming completion: litellm.RateLimitError: RateLimitError: OpenAIException - Budget has been exceeded)'}] = errors([{'type': 'start', 'conversation_id': '801b051a-b96a-4fc6-9179-9429cb0b5674', 'model': 'claude-sonnet-4-6'}, {'type': ...d to start streaming completion: litellm.RateLimitError: RateLimitError: OpenAIException - Budget has been exceeded)'}])

tests/test_iteration2.py:426: AssertionError</failure></testcase><testcase classname="tests.test_iteration2.TestBotIsolationSample" name="test_prompt_injection_refused" time="1.640" /></testsuite></testsuites>