<?xml version="1.0" encoding="utf-8"?><testsuites name="pytest tests"><testsuite name="pytest" errors="0" failures="6" skipped="1" tests="50" time="79.644" timestamp="2026-08-30T03:22:55.923116+00:00" hostname="agent-env-de950128-8709-4005-905b-e6c82e632429"><testcase classname="tests.backend_test.TestCatalog" name="test_bots_count_and_no_instructions" time="0.136" /><testcase classname="tests.backend_test.TestAuth" name="test_register_new_user" time="0.543" /><testcase classname="tests.backend_test.TestCatalog" name="test_bot_detail_public" time="0.048" /><testcase classname="tests.backend_test.TestCatalog" name="test_bot_detail_404" time="0.267" /><testcase classname="tests.backend_test.TestCatalog" name="test_filters" time="0.473" /><testcase classname="tests.backend_test.TestAuth" name="test_register_short_password" time="0.046" /><testcase classname="tests.backend_test.TestCatalog" name="test_suites" time="0.062" /><testcase classname="tests.backend_test.TestAuth" name="test_login_and_me" time="0.523" /><testcase classname="tests.backend_test.TestCatalog" name="test_suite_detail" time="0.046" /><testcase classname="tests.backend_test.TestCatalog" name="test_suite_404" time="0.045" /><testcase classname="tests.backend_test.TestCatalog" name="test_models_list" time="0.081" /><testcase classname="tests.backend_test.TestAuth" name="test_admin_login_role" time="0.331" /><testcase classname="tests.backend_test.TestAuth" name="test_login_bad_password" time="0.484" /><testcase classname="tests.backend_test.TestChatIsolation" name="test_book_writer_persona" time="2.429"><failure message="AssertionError: ['start', 'error']&#10;assert 'done' in ['start', 'error']">self = &lt;backend_test.TestChatIsolation object at 0xf9f49c81e650&gt;
user_auth = {'token': 'eyJhbGciOiJIUzI1NiIsInR5cCI6IkpXVCJ9.eyJzdWIiOiJmNTQ1ZmYzZi1kMzExLTQ4MDUtYTRjZS02MDc3ZTAzMWVhY2MiLCJlbWFpbC...'id': 'f545ff3f-d311-4805-a4ce-6077e031eacc', 'email': 'testuser@legion.ai', 'name': 'Test User', 'role': 'user', ...}}

    def test_book_writer_persona(self, user_auth):
        ev = sse_chat(user_auth["token"], {"bot_slug": "book-writer", "message": "In one sentence: who are you?"})
        text, types = collect(ev)
        assert types[0] == "start"
&gt;       assert "done" in types, types
E       AssertionError: ['start', 'error']
E       assert 'done' in ['start', 'error']

tests/backend_test.py:305: AssertionError</failure></testcase><testcase classname="tests.backend_test.TestAuth" name="test_me_without_token" time="0.045" /><testcase classname="tests.backend_test.TestAuth" name="test_me_invalid_token" time="0.044" /><testcase classname="tests.backend_test.TestAuth" name="test_bcrypt_hash_format" time="0.656" /><testcase classname="tests.backend_test.TestAuth" name="test_forgot_password_no_leak" time="0.049" /><testcase classname="tests.backend_test.TestAuth" name="test_profile_memory_toggle" time="0.107" /><testcase classname="tests.backend_test.TestAdmin" name="test_overview" time="0.099" /><testcase classname="tests.backend_test.TestAdmin" name="test_admin_bots_list" time="0.088" /><testcase classname="tests.backend_test.TestAdmin" name="test_admin_bot_detail_has_instructions" time="0.090" /><testcase classname="tests.backend_test.TestAdmin" name="test_admin_patch_bot" time="0.175" /><testcase classname="tests.backend_test.TestAdmin" name="test_non_admin_forbidden" time="0.105" /><testcase classname="tests.backend_test.TestAdmin" name="test_anon_admin_401" time="0.048" /><testcase classname="tests.backend_test.TestSearch" name="test_search_queries[book]" time="0.050" /><testcase classname="tests.backend_test.TestSearch" name="test_search_queries[time]" time="0.046" /><testcase classname="tests.backend_test.TestSearch" name="test_search_queries[python]" time="0.059" /><testcase classname="tests.backend_test.TestSearch" name="test_search_book_returns_book_bot" time="0.049" /><testcase classname="tests.backend_test.TestChatIsolation" name="test_time_machine_persona" time="1.749"><failure message="AssertionError: [{'type': 'error', 'content': 'The AI provider returned an error. Please try again or switch models. (Failed to start streaming completion: litellm.RateLimitError: RateLimitError: OpenAIException - Budget has been exceeded)'}]&#10;assert 'error' not in ['start', 'error']">self = &lt;backend_test.TestChatIsolation object at 0xf9f49c81f790&gt;
user_auth = {'token': 'eyJhbGciOiJIUzI1NiIsInR5cCI6IkpXVCJ9.eyJzdWIiOiJmNTQ1ZmYzZi1kMzExLTQ4MDUtYTRjZS02MDc3ZTAzMWVhY2MiLCJlbWFpbC...'id': 'f545ff3f-d311-4805-a4ce-6077e031eacc', 'email': 'testuser@legion.ai', 'name': 'Test User', 'role': 'user', ...}}

    def test_time_machine_persona(self, user_auth):
        ev = sse_chat(user_auth["token"], {"bot_slug": "time-machine", "message": "In one sentence: who are you?"})
        text, types = collect(ev)
&gt;       assert "error" not in types, [e for e in ev if e["type"] == "error"]
E       AssertionError: [{'type': 'error', 'content': 'The AI provider returned an error. Please try again or switch models. (Failed to start streaming completion: litellm.RateLimitError: RateLimitError: OpenAIException - Budget has been exceeded)'}]
E       assert 'error' not in ['start', 'error']

tests/backend_test.py:315: AssertionError</failure></testcase><testcase classname="tests.backend_test.TestSearch" name="test_search_time_machine" time="0.048" /><testcase classname="tests.backend_test.TestPythonTool" name="test_print_sum" time="0.082" /><testcase classname="tests.backend_test.TestPythonTool" name="test_error_capture" time="0.073" /><testcase classname="tests.backend_test.TestPythonTool" name="test_requires_auth" time="0.050" /><testcase classname="tests.backend_test.TestFavorites" name="test_favorite_lifecycle" time="0.371" /><testcase classname="tests.backend_test.TestFavorites" name="test_favorites_requires_auth" time="0.046" /><testcase classname="tests.backend_test.TestMemory" name="test_memory_crud" time="0.216" /><testcase classname="tests.backend_test.TestMemory" name="test_memory_requires_auth" time="0.047" /><testcase classname="tests.backend_test.TestDashboard" name="test_dashboard" time="0.071" /><testcase classname="tests.backend_test.TestDashboard" name="test_dashboard_requires_auth" time="0.050" /><testcase classname="tests.test_files_and_images.TestDocumentGeneration" name="test_docx_generation_and_download" time="37.594"><failure message="AssertionError: [{'type': 'error', 'content': 'The AI provider returned an error. Please try again or switch models. (Failed to start streaming completion: litellm.RateLimitError: RateLimitError: OpenAIException - Budget has been exceeded)'}]&#10;assert not [{'type': 'error', 'content': 'The AI provider returned an error. Please try again or switch models. (Failed to start streaming completion: litellm.RateLimitError: RateLimitError: OpenAIException - Budget has been exceeded)'}]">self = &lt;test_files_and_images.TestDocumentGeneration object at 0xf84bc232b490&gt;
user_auth = {'token': 'eyJhbGciOiJIUzI1NiIsInR5cCI6IkpXVCJ9.eyJzdWIiOiJmNTQ1ZmYzZi1kMzExLTQ4MDUtYTRjZS02MDc3ZTAzMWVhY2MiLCJlbWFpbC...'id': 'f545ff3f-d311-4805-a4ce-6077e031eacc', 'email': 'testuser@legion.ai', 'name': 'Test User', 'role': 'user', ...}}
user_client = &lt;requests.sessions.Session object at 0xf84bc24751d0&gt;
anon_client = &lt;requests.sessions.Session object at 0xf84bc3226190&gt;

    def test_docx_generation_and_download(self, user_auth, user_client, anon_client):
        prompt = ("Create a downloadable DOCX document titled 'TEST Doc' containing exactly two short "
                  "sentences about writing. Use the platform document-generation tool.")
        file_ev = None
        for _ in range(2):
            ev = sse_chat(user_auth["token"], {"bot_slug": "book-writer", "message": prompt})
            errs = [e for e in ev if e["type"] == "error"]
&gt;           assert not errs, errs
E           AssertionError: [{'type': 'error', 'content': 'The AI provider returned an error. Please try again or switch models. (Failed to start streaming completion: litellm.RateLimitError: RateLimitError: OpenAIException - Budget has been exceeded)'}]
E           assert not [{'type': 'error', 'content': 'The AI provider returned an error. Please try again or switch models. (Failed to start streaming completion: litellm.RateLimitError: RateLimitError: OpenAIException - Budget has been exceeded)'}]

tests/test_files_and_images.py:46: AssertionError</failure></testcase><testcase classname="tests.backend_test.TestChatIsolation" name="test_no_instruction_leak" time="69.522" /><testcase classname="tests.test_files_and_images.TestDocumentGeneration" name="test_download_unknown_file_404" time="0.062" /><testcase classname="tests.test_files_and_images.TestImageGating" name="test_image_capable_bot_accepts_image" time="21.073"><failure message="AssertionError: [{'type': 'error', 'content': 'The AI provider returned an error. Please try again or switch models. (Failed to start streaming completion: litellm.RateLimitError: RateLimitError: OpenAIException - Budget has been exceeded)'}]&#10;assert not [{'type': 'error', 'content': 'The AI provider returned an error. Please try again or switch models. (Failed to start streaming completion: litellm.RateLimitError: RateLimitError: OpenAIException - Budget has been exceeded)'}]">self = &lt;test_files_and_images.TestImageGating object at 0xf84bc232b2d0&gt;
anon_client = &lt;requests.sessions.Session object at 0xf84bc3226190&gt;
user_auth = {'token': 'eyJhbGciOiJIUzI1NiIsInR5cCI6IkpXVCJ9.eyJzdWIiOiJmNTQ1ZmYzZi1kMzExLTQ4MDUtYTRjZS02MDc3ZTAzMWVhY2MiLCJlbWFpbC...'id': 'f545ff3f-d311-4805-a4ce-6077e031eacc', 'email': 'testuser@legion.ai', 'name': 'Test User', 'role': 'user', ...}}

    def test_image_capable_bot_accepts_image(self, anon_client, user_auth):
        bots = anon_client.get(f"{API}/bots", params={"capability": "image"}).json()
        assert bots, "no bots with capabilities.image=true"
        slug = bots[0]["slug"]
        ev = sse_chat(user_auth["token"], {
            "bot_slug": slug,
            "message": "What two shapes and colors do you see? Answer in under 12 words.",
            "images": [small_jpeg_b64()],
        })
        errs = [e for e in ev if e["type"] == "error"]
&gt;       assert not errs, errs
E       AssertionError: [{'type': 'error', 'content': 'The AI provider returned an error. Please try again or switch models. (Failed to start streaming completion: litellm.RateLimitError: RateLimitError: OpenAIException - Budget has been exceeded)'}]
E       assert not [{'type': 'error', 'content': 'The AI provider returned an error. Please try again or switch models. (Failed to start streaming completion: litellm.RateLimitError: RateLimitError: OpenAIException - Budget has been exceeded)'}]

tests/test_files_and_images.py:93: AssertionError</failure></testcase><testcase classname="tests.test_files_and_images.TestImageGating" name="test_non_image_bot_drops_images" time="0.079"><skipped type="pytest.skip" message="all bots are image-capable; gating not testable">/app/backend/tests/test_files_and_images.py:102: all bots are image-capable; gating not testable</skipped></testcase><testcase classname="tests.backend_test.TestChatIsolation" name="test_conversation_persisted_and_managed" time="1.710"><failure message="AssertionError: assert 1 &gt;= 2&#10; +  where 1 = len([{'id': 'adfbaee6-73df-449d-8159-929edc7a122b', 'conversation_id': '89640e07-ae6f-4636-9b96-4e7db16490ad', 'role': 'user', 'content': 'Say OK.', ...}])">self = &lt;backend_test.TestChatIsolation object at 0xf9f49c81c0d0&gt;
user_auth = {'token': 'eyJhbGciOiJIUzI1NiIsInR5cCI6IkpXVCJ9.eyJzdWIiOiJmNTQ1ZmYzZi1kMzExLTQ4MDUtYTRjZS02MDc3ZTAzMWVhY2MiLCJlbWFpbC...'id': 'f545ff3f-d311-4805-a4ce-6077e031eacc', 'email': 'testuser@legion.ai', 'name': 'Test User', 'role': 'user', ...}}
user_client = &lt;requests.sessions.Session object at 0xf9f49c9a0d50&gt;

    def test_conversation_persisted_and_managed(self, user_auth, user_client):
        ev = sse_chat(user_auth["token"], {"bot_slug": "book-writer", "message": "Say OK."})
        conv_id = ev[0]["conversation_id"]
        r = user_client.get(f"{API}/conversations/{conv_id}")
        assert r.status_code == 200
        d = r.json()
&gt;       assert len(d["messages"]) &gt;= 2
E       AssertionError: assert 1 &gt;= 2
E        +  where 1 = len([{'id': 'adfbaee6-73df-449d-8159-929edc7a122b', 'conversation_id': '89640e07-ae6f-4636-9b96-4e7db16490ad', 'role': 'user', 'content': 'Say OK.', ...}])

tests/backend_test.py:332: AssertionError</failure></testcase><testcase classname="tests.backend_test.TestChatIsolation" name="test_rename_other_user_conversation_404" time="0.049" /><testcase classname="tests.backend_test.TestChatIsolation" name="test_bot_not_found" time="0.048" /><testcase classname="tests.backend_test.TestChatIsolation" name="test_chat_requires_auth" time="0.055" /><testcase classname="tests.backend_test.TestChatIsolation" name="test_model_switch_gpt" time="2.124"><failure message="AssertionError: [{'type': 'error', 'content': 'The AI provider returned an error. Please try again or switch models. (Failed to start streaming completion: litellm.RateLimitError: RateLimitError: OpenAIException - Budget has been exceeded)'}]&#10;assert 'error' not in ['start', 'error']">self = &lt;backend_test.TestChatIsolation object at 0xf9f49ca0ec90&gt;
user_auth = {'token': 'eyJhbGciOiJIUzI1NiIsInR5cCI6IkpXVCJ9.eyJzdWIiOiJmNTQ1ZmYzZi1kMzExLTQ4MDUtYTRjZS02MDc3ZTAzMWVhY2MiLCJlbWFpbC...'id': 'f545ff3f-d311-4805-a4ce-6077e031eacc', 'email': 'testuser@legion.ai', 'name': 'Test User', 'role': 'user', ...}}

    def test_model_switch_gpt(self, user_auth):
        ev = sse_chat(user_auth["token"], {"bot_slug": "book-writer", "message": "Reply with just: PONG", "model": "gpt-5.4"})
        text, types = collect(ev)
        assert ev[0]["model"] == "gpt-5.4"
&gt;       assert "error" not in types, [e for e in ev if e["type"] == "error"]
E       AssertionError: [{'type': 'error', 'content': 'The AI provider returned an error. Please try again or switch models. (Failed to start streaming completion: litellm.RateLimitError: RateLimitError: OpenAIException - Budget has been exceeded)'}]
E       assert 'error' not in ['start', 'error']

tests/backend_test.py:367: AssertionError</failure></testcase></testsuite></testsuites>