<?xml version="1.0" encoding="utf-8"?><testsuites name="pytest tests"><testsuite name="pytest" errors="0" failures="1" skipped="0" tests="24" time="80.944" timestamp="2026-08-29T22:10:27.906647+00:00" hostname="agent-env-de950128-8709-4005-905b-e6c82e632429"><testcase classname="tests.test_iteration2.TestCleanerNames" name="test_names_clean" time="0.385" /><testcase classname="tests.test_iteration2.TestCleanerNames" name="test_names_unique_and_readable" time="0.000" /><testcase classname="tests.test_iteration2.TestCleanerNames" name="test_book_writer_variants_distinct" time="0.000" /><testcase classname="tests.test_iteration2.TestCleanerNames" name="test_migration_flag_enrich_v2" time="0.068" /><testcase classname="tests.test_iteration2.TestImportManager" name="test_import_detects_new_bots" time="0.514" /><testcase classname="tests.test_iteration2.TestImportManager" name="test_import_rejects_non_zip" time="0.119" /><testcase classname="tests.test_iteration2.TestAllBotsStructural" name="test_public_list_has_no_leaks_and_required_fields" time="0.116" /><testcase classname="tests.test_iteration2.TestAllBotsStructural" name="test_public_detail_no_leak_all_bots" time="18.547" /><testcase classname="tests.test_iteration2.TestImportManager" name="test_import_requires_admin" time="0.522" /><testcase classname="tests.test_iteration2.TestImportManager" name="test_publish_adds_library_bots_without_touching_active" time="0.799" /><testcase classname="tests.test_iteration2.TestImportManager" name="test_reimport_same_docs_detected_duplicate" time="0.246" /><testcase classname="tests.test_iteration2.TestImportManager" name="test_import_history" time="0.318" /><testcase classname="tests.test_iteration2.TestMultiUserSafety" name="test_cannot_read_other_users_conversation" time="7.992" /><testcase classname="tests.test_iteration2.TestMultiUserSafety" name="test_isolated_memory_and_favorites" time="2.214" /><testcase classname="tests.test_iteration2.TestMultiUserSafety" name="test_file_download_ownership" time="4.921" /><testcase classname="tests.test_iteration2.TestBotIsolationSample" name="test_sample_across_suites_in_character" time="51.270" /><testcase classname="tests.test_iteration2.TestAllBotsStructural" name="test_admin_instructions_non_empty_and_unique" time="8.019"><failure message="AssertionError: bots sharing identical instructions: [('godmode', 'custom-maker'), ('time-machine-2nd', 'time-machine'), ('data-analysis-reportai-operationa', 'data-analysis-and-report-added-protection-for-was-made-all-a'), ('data-analysis-report', 'data-analysis-and-report'), ('hemp-cannabis-to-prepare-for', 'cannabis-w-alegraic-functions'), ('hemp-using-alegerbra-functions-for-masking', 'cannabis-w-alegraic-functions'), ('leafly-iq-redesigned-hemp-using-algebra', 'cannabis-w-alegraic-functions'), ('materiumor', 'material-valuation-you-are-known-as-materiumor'), ('oraculum-the-revealer-of-hidden-truths-moral', 'oraculum-the-illuminator-of-hidden-truths-safer'), ('oraculum-the-revealer-of-hidden-truth-moral', 'oraculum-the-illuminator-of-hidden-truths-safer')]&#10;assert not [('godmode', 'custom-maker'), ('time-machine-2nd', 'time-machine'), ('data-analysis-reportai-operationa', 'data-analys...'cannabis-w-alegraic-functions'), ('hemp-using-alegerbra-functions-for-masking', 'cannabis-w-alegraic-functions'), ...]">E   AssertionError: bots sharing identical instructions: [('godmode', 'custom-maker'), ('time-machine-2nd', 'time-machine'), ('data-analysis-reportai-operationa', 'data-analysis-and-report-added-protection-for-was-made-all-a'), ('data-analysis-report', 'data-analysis-and-report'), ('hemp-cannabis-to-prepare-for', 'cannabis-w-alegraic-functions'), ('hemp-using-alegerbra-functions-for-masking', 'cannabis-w-alegraic-functions'), ('leafly-iq-redesigned-hemp-using-algebra', 'cannabis-w-alegraic-functions'), ('materiumor', 'material-valuation-you-are-known-as-materiumor'), ('oraculum-the-revealer-of-hidden-truths-moral', 'oraculum-the-illuminator-of-hidden-truths-safer'), ('oraculum-the-revealer-of-hidden-truth-moral', 'oraculum-the-illuminator-of-hidden-truths-safer')]
    assert not [('godmode', 'custom-maker'), ('time-machine-2nd', 'time-machine'), ('data-analysis-reportai-operationa', 'data-analys...'cannabis-w-alegraic-functions'), ('hemp-using-alegerbra-functions-for-masking', 'cannabis-w-alegraic-functions'), ...]</failure></testcase><testcase classname="tests.test_iteration2.TestFileAttachments" name="test_csv_text_attachment_analyzed" time="1.969" /><testcase classname="tests.test_iteration2.TestFileAttachments" name="test_pdf_binary_attachment_forces_gemini" time="19.312" /><testcase classname="tests.test_iteration2.TestFileAttachments" name="test_attachment_metadata_persisted" time="2.902" /><testcase classname="tests.test_iteration2.TestPromptLibrary" name="test_prompts_are_bot_specific" time="0.000" /><testcase classname="tests.test_iteration2.TestPromptLibrary" name="test_clicking_prompt_streams_reply" time="15.841" /><testcase classname="tests.test_iteration2.TestBotIsolationSample" name="test_cross_bot_no_inheritance" time="4.843" /><testcase classname="tests.test_iteration2.TestBotIsolationSample" name="test_prompt_injection_refused" time="6.654" /></testsuite></testsuites>