<?xml version="1.0" encoding="utf-8"?><testsuites name="pytest tests"><testsuite name="pytest" errors="0" failures="0" skipped="0" tests="38" time="5.959" timestamp="2026-08-29T20:23:19.102889+00:00" hostname="agent-env-de950128-8709-4005-905b-e6c82e632429"><testcase classname="tests.backend_test.TestCatalog" name="test_bots_count_and_no_instructions" time="0.273" /><testcase classname="tests.backend_test.TestAuth" name="test_register_new_user" time="0.575" /><testcase classname="tests.backend_test.TestCatalog" name="test_bot_detail_public" time="0.192" /><testcase classname="tests.backend_test.TestCatalog" name="test_bot_detail_404" time="0.073" /><testcase classname="tests.backend_test.TestCatalog" name="test_filters" time="0.636" /><testcase classname="tests.backend_test.TestAuth" name="test_register_short_password" time="0.068" /><testcase classname="tests.backend_test.TestAuth" name="test_login_and_me" time="0.596" /><testcase classname="tests.backend_test.TestCatalog" name="test_suites" time="0.072" /><testcase classname="tests.backend_test.TestCatalog" name="test_suite_detail" time="0.076" /><testcase classname="tests.backend_test.TestCatalog" name="test_suite_404" time="0.296" /><testcase classname="tests.backend_test.TestAuth" name="test_admin_login_role" time="0.380" /><testcase classname="tests.backend_test.TestAuth" name="test_login_bad_password" time="0.294" /><testcase classname="tests.backend_test.TestCatalog" name="test_models_list" time="0.292" /><testcase classname="tests.backend_test.TestAuth" name="test_me_without_token" time="0.070" /><testcase classname="tests.backend_test.TestAuth" name="test_me_invalid_token" time="0.072" /><testcase classname="tests.backend_test.TestAuth" name="test_bcrypt_hash_format" time="0.931" /><testcase classname="tests.backend_test.TestAdmin" name="test_overview" time="0.799" /><testcase classname="tests.backend_test.TestAdmin" name="test_admin_bots_list" time="0.121" /><testcase classname="tests.backend_test.TestAdmin" name="test_admin_bot_detail_has_instructions" time="0.148" /><testcase classname="tests.backend_test.TestAdmin" name="test_admin_patch_bot" time="0.292" /><testcase classname="tests.backend_test.TestAuth" name="test_forgot_password_no_leak" time="0.069" /><testcase classname="tests.backend_test.TestAuth" name="test_profile_memory_toggle" time="0.196" /><testcase classname="tests.backend_test.TestSearch" name="test_search_queries[book]" time="0.073" /><testcase classname="tests.backend_test.TestSearch" name="test_search_queries[time]" time="0.071" /><testcase classname="tests.backend_test.TestSearch" name="test_search_queries[python]" time="0.253" /><testcase classname="tests.backend_test.TestAdmin" name="test_non_admin_forbidden" time="0.672" /><testcase classname="tests.backend_test.TestSearch" name="test_search_book_returns_book_bot" time="0.073" /><testcase classname="tests.backend_test.TestSearch" name="test_search_time_machine" time="0.073" /><testcase classname="tests.backend_test.TestFavorites" name="test_favorite_lifecycle" time="0.899" /><testcase classname="tests.backend_test.TestAdmin" name="test_anon_admin_401" time="0.123" /><testcase classname="tests.backend_test.TestPythonTool" name="test_print_sum" time="0.093" /><testcase classname="tests.backend_test.TestPythonTool" name="test_error_capture" time="0.101" /><testcase classname="tests.backend_test.TestPythonTool" name="test_requires_auth" time="0.073" /><testcase classname="tests.backend_test.TestDashboard" name="test_dashboard" time="0.085" /><testcase classname="tests.backend_test.TestDashboard" name="test_dashboard_requires_auth" time="0.074" /><testcase classname="tests.backend_test.TestFavorites" name="test_favorites_requires_auth" time="0.071" /><testcase classname="tests.backend_test.TestMemory" name="test_memory_crud" time="0.357" /><testcase classname="tests.backend_test.TestMemory" name="test_memory_requires_auth" time="0.071" /></testsuite></testsuites>