<?xml version="1.0" encoding="utf-8"?><testsuites name="pytest tests"><testsuite name="pytest" errors="0" failures="0" skipped="0" tests="8" time="28.744" timestamp="2026-08-29T20:23:30.806308+00:00" hostname="agent-env-de950128-8709-4005-905b-e6c82e632429"><testcase classname="tests.backend_test.TestChatIsolation" name="test_book_writer_persona" time="4.181" /><testcase classname="tests.backend_test.TestChatIsolation" name="test_time_machine_persona" time="4.945" /><testcase classname="tests.backend_test.TestChatIsolation" name="test_no_instruction_leak" time="8.280" /><testcase classname="tests.backend_test.TestChatIsolation" name="test_conversation_persisted_and_managed" time="9.785" /><testcase classname="tests.backend_test.TestChatIsolation" name="test_rename_other_user_conversation_404" time="0.074" /><testcase classname="tests.backend_test.TestChatIsolation" name="test_bot_not_found" time="0.073" /><testcase classname="tests.backend_test.TestChatIsolation" name="test_chat_requires_auth" time="0.148" /><testcase classname="tests.backend_test.TestChatIsolation" name="test_model_switch_gpt" time="1.235" /></testsuite></testsuites>