<?xml version="1.0" encoding="utf-8"?><testsuites name="pytest tests"><testsuite name="pytest" errors="0" failures="0" skipped="1" tests="4" time="9.657" timestamp="2026-08-29T20:24:40.342127+00:00" hostname="agent-env-de950128-8709-4005-905b-e6c82e632429"><testcase classname="tests.test_files_and_images.TestDocumentGeneration" name="test_docx_generation_and_download" time="7.311" /><testcase classname="tests.test_files_and_images.TestDocumentGeneration" name="test_download_unknown_file_404" time="0.088" /><testcase classname="tests.test_files_and_images.TestImageGating" name="test_image_capable_bot_accepts_image" time="2.116" /><testcase classname="tests.test_files_and_images.TestImageGating" name="test_non_image_bot_drops_images" time="0.120"><skipped type="pytest.skip" message="all bots are image-capable; gating not testable">/app/backend/tests/test_files_and_images.py:102: all bots are image-capable; gating not testable</skipped></testcase></testsuite></testsuites>